<?xml version="1.0" encoding="UTF-8"?>
<!-- Generated by org.testng.reporters.JUnitReportReporter -->
<testsuite hostname="LAPTOP-A4KIP4T3" failures="0" tests="1" name="transport_schedule_id.Get" time="1.590" errors="0" timestamp="2025-05-17T14:04:15 IST" skipped="0">
  <testcase classname="transport_schedule_id.Get" name="validateGetBusDetailsResponse" time="1.590"/>
</testsuite> <!-- transport_schedule_id.Get -->
