<?xml version="1.0" encoding="UTF-8"?>
<!-- Generated by org.testng.reporters.JUnitReportReporter -->
<testsuite hostname="LAPTOP-A4KIP4T3" failures="0" tests="1" name="Pages.Random" time="1.787" errors="0" timestamp="2025-05-17T14:00:36 IST" skipped="0">
  <testcase classname="Pages.Random" name="testCart" time="1.787"/>
</testsuite> <!-- Pages.Random -->
